<html>
<body>
<pre>
<h1>µVision Build Log</h1>
<h2>Tool Versions:</h2>
IDE-Version: ¦ÌVision V5.26.2.0
Copyright (C) 2018 ARM Ltd and ARM Germany GmbH. All rights reserved.
License Information: 1 user, 1, LIC=TIVNB-2AXCL-01HP1-CR5FR-F48UY-Y7SVL
 
Tool Versions:
Toolchain:       MDK-ARM Plus  Version: 5.26.2.0
Toolchain Path:  D:\Keil_v5\ARM\ARMCC\Bin
C Compiler:      Armcc.exe V5.06 update 6 (build 750)
Assembler:       Armasm.exe V5.06 update 6 (build 750)
Linker/Locator:  ArmLink.exe V5.06 update 6 (build 750)
Library Manager: ArmAr.exe V5.06 update 6 (build 750)
Hex Converter:   FromElf.exe V5.06 update 6 (build 750)
CPU DLL:         SARMCM3.DLL V5.26.2.0
Dialog DLL:      DCM.DLL V1.17.2.0
Target DLL:      Segger\JL2CM3.dll V2.99.31.0
Dialog DLL:      TCM.DLL V1.36.1.0
 
<h2>Project:</h2>
E:\Project\Yuntu\Indepentent research\Based on Nation-N32G430-A1.1\Project\refrigerator.uvprojx
Project File Date:  03/27/2024

<h2>Output:</h2>
*** Using Compiler 'V5.06 update 6 (build 750)', folder: 'D:\Keil_v5\ARM\ARMCC\Bin'
Rebuild target 'Foc example'
compiling DataCalc.c...
..\User\HeadFile.h(13): warning:  #1-D: last line of file ends without a newline
  #endif
..\User\Foc.h(7): error:  #20: identifier "int16_t" is undefined
      int16_t Real;
..\User\Foc.h(8): error:  #20: identifier "int16_t" is undefined
      int16_t Imag;
..\User\Foc.h(14): error:  #20: identifier "int16_t" is undefined
      int16_t Curr_SamplePoint_1st;
..\User\Foc.h(15): error:  #20: identifier "int16_t" is undefined
      int16_t Curr_SamplePoint_2nd;
..\User\Foc.h(22): error:  #20: identifier "int16_t" is undefined
      int16_t PhaseU;
..\User\Foc.h(23): error:  #20: identifier "int16_t" is undefined
      int16_t PhaseV;
..\User\Foc.h(24): error:  #20: identifier "int16_t" is undefined
      int16_t PhaseW;
..\User\Foc.h(35): error:  #20: identifier "uint16_t" is undefined
      uint16_t PhaseInd;
..\User\Foc.h(36): error:  #20: identifier "uint16_t" is undefined
      uint16_t PhaseRes;
..\User\Foc.h(37): error:  #20: identifier "LPF_DEF" is undefined
      LPF_DEF RealFluxLPF;
..\User\Foc.h(38): error:  #20: identifier "LPF_DEF" is undefined
      LPF_DEF ImagFluxLPF;
..\User\Foc.h(39): error:  #20: identifier "LPF_DEF" is undefined
      LPF_DEF FluxAmpLPF;
..\User\Foc.h(40): error:  #20: identifier "uint16_t" is undefined
      uint16_t FluxAngle;
..\User\Foc.h(41): error:  #20: identifier "uint16_t" is undefined
      uint16_t Angle;
..\User\Foc.h(47): error:  #20: identifier "uint16_t" is undefined
      uint16_t Angle;
..\User\Foc.h(48): error:  #20: identifier "uint16_t" is undefined
      uint16_t Sector;
..\User\Foc.h(49): error:  #20: identifier "uint16_t" is undefined
      uint16_t Amp;
..\User\Foc.h(50): error:  #20: identifier "uint16_t" is undefined
      uint16_t T1;
..\User\Foc.h(51): error:  #20: identifier "uint16_t" is undefined
      uint16_t T2;
..\User\Foc.h(52): error:  #20: identifier "uint16_t" is undefined
      uint16_t ComparePoint_1st_Up;
..\User\Foc.h(53): error:  #20: identifier "uint16_t" is undefined
      uint16_t ComparePoint_2nd_Up;
..\User\Foc.h(54): error:  #20: identifier "uint16_t" is undefined
      uint16_t ComparePoint_3th_Up;
..\User\Foc.h(55): error:  #20: identifier "uint16_t" is undefined
      uint16_t ComparePoint_1st_Down;
..\User\Foc.h(56): error:  #20: identifier "uint16_t" is undefined
      uint16_t ComparePoint_2nd_Down;
..\User\Foc.h(57): error:  #20: identifier "uint16_t" is undefined
      uint16_t ComparePoint_3th_Down;
..\User\Foc.h(67): warning:  #1-D: last line of file ends without a newline
  #endif // !1
..\User\Table.h(5): error:  #20: identifier "uint16_t" is undefined
  extern const uint16_t Table_Arctan[1025];
..\User\Table.h(6): error:  #20: identifier "uint16_t" is undefined
  extern const uint16_t Table_Amp[];
..\User\Table.h(7): error:  #20: identifier "uint16_t" is undefined
  extern const uint16_t Table_Sin60[];
..\User\Parameter.h(9): warning:  #1-D: last line of file ends without a newline
  #endif // !_PARAMETER_H_
..\User\LPF.h(7): error:  #20: identifier "int16_t" is undefined
      int16_t CoefA;
..\User\LPF.h(8): error:  #20: identifier "int16_t" is undefined
      int16_t CoefB;
..\User\DataCalc.c: 3 warnings, 30 errors
compiling LPF.c...
..\User\HeadFile.h(13): warning:  #1-D: last line of file ends without a newline
  #endif
..\User\Foc.h(7): error:  #20: identifier "int16_t" is undefined
      int16_t Real;
..\User\Foc.h(8): error:  #20: identifier "int16_t" is undefined
      int16_t Imag;
..\User\Foc.h(14): error:  #20: identifier "int16_t" is undefined
      int16_t Curr_SamplePoint_1st;
..\User\Foc.h(15): error:  #20: identifier "int16_t" is undefined
      int16_t Curr_SamplePoint_2nd;
..\User\Foc.h(22): error:  #20: identifier "int16_t" is undefined
      int16_t PhaseU;
..\User\Foc.h(23): error:  #20: identifier "int16_t" is undefined
      int16_t PhaseV;
..\User\Foc.h(24): error:  #20: identifier "int16_t" is undefined
      int16_t PhaseW;
..\User\Foc.h(35): error:  #20: identifier "uint16_t" is undefined
      uint16_t PhaseInd;
..\User\Foc.h(36): error:  #20: identifier "uint16_t" is undefined
      uint16_t PhaseRes;
..\User\Foc.h(37): error:  #20: identifier "LPF_DEF" is undefined
      LPF_DEF RealFluxLPF;
..\User\Foc.h(38): error:  #20: identifier "LPF_DEF" is undefined
      LPF_DEF ImagFluxLPF;
..\User\Foc.h(39): error:  #20: identifier "LPF_DEF" is undefined
      LPF_DEF FluxAmpLPF;
..\User\Foc.h(40): error:  #20: identifier "uint16_t" is undefined
      uint16_t FluxAngle;
..\User\Foc.h(41): error:  #20: identifier "uint16_t" is undefined
      uint16_t Angle;
..\User\Foc.h(47): error:  #20: identifier "uint16_t" is undefined
      uint16_t Angle;
..\User\Foc.h(48): error:  #20: identifier "uint16_t" is undefined
      uint16_t Sector;
..\User\Foc.h(49): error:  #20: identifier "uint16_t" is undefined
      uint16_t Amp;
..\User\Foc.h(50): error:  #20: identifier "uint16_t" is undefined
      uint16_t T1;
..\User\Foc.h(51): error:  #20: identifier "uint16_t" is undefined
      uint16_t T2;
..\User\Foc.h(52): error:  #20: identifier "uint16_t" is undefined
      uint16_t ComparePoint_1st_Up;
..\User\Foc.h(53): error:  #20: identifier "uint16_t" is undefined
      uint16_t ComparePoint_2nd_Up;
..\User\Foc.h(54): error:  #20: identifier "uint16_t" is undefined
      uint16_t ComparePoint_3th_Up;
..\User\Foc.h(55): error:  #20: identifier "uint16_t" is undefined
      uint16_t ComparePoint_1st_Down;
..\User\Foc.h(56): error:  #20: identifier "uint16_t" is undefined
      uint16_t ComparePoint_2nd_Down;
..\User\Foc.h(57): error:  #20: identifier "uint16_t" is undefined
      uint16_t ComparePoint_3th_Down;
..\User\Foc.h(67): warning:  #1-D: last line of file ends without a newline
  #endif // !1
..\User\Table.h(5): error:  #20: identifier "uint16_t" is undefined
  extern const uint16_t Table_Arctan[1025];
..\User\Table.h(6): error:  #20: identifier "uint16_t" is undefined
  extern const uint16_t Table_Amp[];
..\User\Table.h(7): error:  #20: identifier "uint16_t" is undefined
  extern const uint16_t Table_Sin60[];
..\User\Parameter.h(9): warning:  #1-D: last line of file ends without a newline
  #endif // !_PARAMETER_H_
..\User\DataCalc.h(7): error:  #20: identifier "int32_t" is undefined
  int32_t Data_Limit(int32_t data, uint8_t bit);
..\User\DataCalc.h(7): error:  #20: identifier "int32_t" is undefined
  int32_t Data_Limit(int32_t data, uint8_t bit);
..\User\LPF.c: 3 warnings, 30 errors
compiling Foc.c...
..\User\Foc.h(67): warning:  #1-D: last line of file ends without a newline
  #endif // !1
..\User\HeadFile.h(13): warning:  #1-D: last line of file ends without a newline
  #endif
..\User\Table.h(5): error:  #20: identifier "uint16_t" is undefined
  extern const uint16_t Table_Arctan[1025];
..\User\Table.h(6): error:  #20: identifier "uint16_t" is undefined
  extern const uint16_t Table_Amp[];
..\User\Table.h(7): error:  #20: identifier "uint16_t" is undefined
  extern const uint16_t Table_Sin60[];
..\User\Parameter.h(9): warning:  #1-D: last line of file ends without a newline
  #endif // !_PARAMETER_H_
..\User\LPF.h(7): error:  #20: identifier "int16_t" is undefined
      int16_t CoefA;
..\User\LPF.h(8): error:  #20: identifier "int16_t" is undefined
      int16_t CoefB;
..\User\LPF.h(9): error:  #20: identifier "int32_t" is undefined
      int32_t Out;
..\User\LPF.h(15): error:  #20: identifier "int16_t" is undefined
  static inline int16_t LPF_Ctr(LPF_DEF *pLPF,int16_t Input);
..\User\LPF.h(15): error:  #20: identifier "int16_t" is undefined
  static inline int16_t LPF_Ctr(LPF_DEF *pLPF,int16_t Input);
..\User\DataCalc.h(7): error:  #20: identifier "int32_t" is undefined
  int32_t Data_Limit(int32_t data, uint8_t bit);
..\User\DataCalc.h(7): error:  #20: identifier "int32_t" is undefined
  int32_t Data_Limit(int32_t data, uint8_t bit);
..\User\DataCalc.h(7): error:  #20: identifier "uint8_t" is undefined
  int32_t Data_Limit(int32_t data, uint8_t bit);
..\User\DataCalc.h(8): error:  #20: identifier "uint16_t" is undefined
  static inline uint16_t AngleAmp_Get(AXIS_DEF Stat, uint16_t *pAmp);
..\User\DataCalc.h(8): error:  #20: identifier "AXIS_DEF" is undefined
  static inline uint16_t AngleAmp_Get(AXIS_DEF Stat, uint16_t *pAmp);
..\User\DataCalc.h(8): error:  #20: identifier "uint16_t" is undefined
  static inline uint16_t AngleAmp_Get(AXIS_DEF Stat, uint16_t *pAmp);
..\User\HeadFile.h(13): warning:  #1-D: last line of file ends without a newline
  #endif
..\User\Foc.h(67): warning:  #1-D: last line of file ends without a newline
  #endif // !1
..\User\Foc.c(123): error:  #20: identifier "uint32" is undefined
      Angle = ((uint32)pSvm->Angle) * 6u;
..\User\Foc.c(123): error:  #18: expected a ")"
      Angle = ((uint32)pSvm->Angle) * 6u;
..\User\Foc.c(127): error:  #18: expected a ")"
      T1 = ((uint32)pSvm->Amp * Table_Sin60[255 - Index]) >> SHIFT_BITS;
..\User\Foc.c(129): error:  #18: expected a ")"
      T2 = ((uint32)pSvm->Amp * Table_Sin60[Index]) >> SHIFT_BITS;
..\User\Foc.c(105): warning:  #550-D: variable "Index"  was set but never used
      uint16_t Index;
..\User\Foc.c(109): warning:  #177-D: variable "SampleWidth"  was declared but never referenced
      int32_t SampleWidth;
..\User\Foc.c(114): warning:  #177-D: variable "ComparePoint_1st_Down"  was declared but never referenced
      uint16_t ComparePoint_1st_Down;
..\User\Foc.c(115): warning:  #177-D: variable "ComparePoint_2nd_Down"  was declared but never referenced
      uint16_t ComparePoint_2nd_Down;
..\User\Foc.c(116): warning:  #177-D: variable "ComparePoint_3th_Down"  was declared but never referenced
      uint16_t ComparePoint_3th_Down;
..\User\Foc.c(118): warning:  #550-D: variable "CompareValue_SimplePoint1"  was set but never used
      uint16_t CompareValue_SimplePoint1;
..\User\Foc.c(119): warning:  #550-D: variable "CompareValue_SimplePoint2"  was set but never used
      uint16_t CompareValue_SimplePoint2;
..\User\Foc.c(562): error:  #20: identifier "sint16" is undefined
      StatCurr.Real = (sint16)pPhaseCurr->PhaseU;
..\User\Foc.c(562): error:  #65: expected a ";"
      StatCurr.Real = (sint16)pPhaseCurr->PhaseU;
..\User\Foc.c(566): warning:  #1-D: last line of file ends without a newline
  }
..\User\LPF.h(15): warning:  #2816-D: static function "LPF_Ctr"  treated as extern because it was referenced but not defined
  static inline int16_t LPF_Ctr(LPF_DEF *pLPF,int16_t Input);
..\User\DataCalc.h(8): warning:  #2816-D: static function "AngleAmp_Get"  treated as extern because it was referenced but not defined
  static inline uint16_t AngleAmp_Get(AXIS_DEF Stat, uint16_t *pAmp);
..\User\Foc.c(558): warning:  #177-D: function "ClarkeTransform"  was declared but never referenced
  static inline AXIS_DEF ClarkeTransform(PHASE_CURR_DEF *pPhaseCurr)
..\User\Foc.c(48): warning:  #177-D: function "EstFlux_Ctr"  was declared but never referenced
  static inline void EstFlux_Ctr(void)
..\User\Foc.c(101): warning:  #177-D: function "Svm_Ctr"  was declared but never referenced
  static inline void Svm_Ctr(SVM_DEF *pSvm)
..\User\Foc.c: 18 warnings, 20 errors
assembling startup_n32g430.s...
compiling Table.c...
..\User\HeadFile.h(13): warning:  #1-D: last line of file ends without a newline
  #endif
..\User\Foc.h(7): error:  #20: identifier "int16_t" is undefined
      int16_t Real;
..\User\Foc.h(8): error:  #20: identifier "int16_t" is undefined
      int16_t Imag;
..\User\Foc.h(14): error:  #20: identifier "int16_t" is undefined
      int16_t Curr_SamplePoint_1st;
..\User\Foc.h(15): error:  #20: identifier "int16_t" is undefined
      int16_t Curr_SamplePoint_2nd;
..\User\Foc.h(22): error:  #20: identifier "int16_t" is undefined
      int16_t PhaseU;
..\User\Foc.h(23): error:  #20: identifier "int16_t" is undefined
      int16_t PhaseV;
..\User\Foc.h(24): error:  #20: identifier "int16_t" is undefined
      int16_t PhaseW;
..\User\Foc.h(35): error:  #20: identifier "uint16_t" is undefined
      uint16_t PhaseInd;
..\User\Foc.h(36): error:  #20: identifier "uint16_t" is undefined
      uint16_t PhaseRes;
..\User\Foc.h(37): error:  #20: identifier "LPF_DEF" is undefined
      LPF_DEF RealFluxLPF;
..\User\Foc.h(38): error:  #20: identifier "LPF_DEF" is undefined
      LPF_DEF ImagFluxLPF;
..\User\Foc.h(39): error:  #20: identifier "LPF_DEF" is undefined
      LPF_DEF FluxAmpLPF;
..\User\Foc.h(40): error:  #20: identifier "uint16_t" is undefined
      uint16_t FluxAngle;
..\User\Foc.h(41): error:  #20: identifier "uint16_t" is undefined
      uint16_t Angle;
..\User\Foc.h(47): error:  #20: identifier "uint16_t" is undefined
      uint16_t Angle;
..\User\Foc.h(48): error:  #20: identifier "uint16_t" is undefined
      uint16_t Sector;
..\User\Foc.h(49): error:  #20: identifier "uint16_t" is undefined
      uint16_t Amp;
..\User\Foc.h(50): error:  #20: identifier "uint16_t" is undefined
      uint16_t T1;
..\User\Foc.h(51): error:  #20: identifier "uint16_t" is undefined
      uint16_t T2;
..\User\Foc.h(52): error:  #20: identifier "uint16_t" is undefined
      uint16_t ComparePoint_1st_Up;
..\User\Foc.h(53): error:  #20: identifier "uint16_t" is undefined
      uint16_t ComparePoint_2nd_Up;
..\User\Foc.h(54): error:  #20: identifier "uint16_t" is undefined
      uint16_t ComparePoint_3th_Up;
..\User\Foc.h(55): error:  #20: identifier "uint16_t" is undefined
      uint16_t ComparePoint_1st_Down;
..\User\Foc.h(56): error:  #20: identifier "uint16_t" is undefined
      uint16_t ComparePoint_2nd_Down;
..\User\Foc.h(57): error:  #20: identifier "uint16_t" is undefined
      uint16_t ComparePoint_3th_Down;
..\User\Foc.h(67): warning:  #1-D: last line of file ends without a newline
  #endif // !1
..\User\Parameter.h(9): warning:  #1-D: last line of file ends without a newline
  #endif // !_PARAMETER_H_
..\User\LPF.h(7): error:  #20: identifier "int16_t" is undefined
      int16_t CoefA;
..\User\LPF.h(8): error:  #20: identifier "int16_t" is undefined
      int16_t CoefB;
..\User\LPF.h(9): error:  #20: identifier "int32_t" is undefined
      int32_t Out;
..\User\LPF.h(15): error:  #20: identifier "int16_t" is undefined
  static inline int16_t LPF_Ctr(LPF_DEF *pLPF,int16_t Input);
..\User\LPF.h(15): error:  #20: identifier "int16_t" is undefined
  static inline int16_t LPF_Ctr(LPF_DEF *pLPF,int16_t Input);
..\User\Table.c: 3 warnings, 30 errors
compiling n32g430_it.c...
..\User\HeadFile.h(13): warning:  #1-D: last line of file ends without a newline
  #endif
..\User\Foc.h(37): error:  #20: identifier "LPF_DEF" is undefined
      LPF_DEF RealFluxLPF;
..\User\Foc.h(38): error:  #20: identifier "LPF_DEF" is undefined
      LPF_DEF ImagFluxLPF;
..\User\Foc.h(39): error:  #20: identifier "LPF_DEF" is undefined
      LPF_DEF FluxAmpLPF;
..\User\Foc.h(67): warning:  #1-D: last line of file ends without a newline
  #endif // !1
..\User\Parameter.h(9): warning:  #1-D: last line of file ends without a newline
  #endif // !_PARAMETER_H_
..\User\HeadFile.h(13): warning:  #1-D: last line of file ends without a newline
  #endif
..\User\n32g430_it.c(217): error:  #20: identifier "sint16" is undefined
  	static sint16 SampleCurr[] = {0};
..\User\n32g430_it.c(222): error:  #20: identifier "JSEQ_NUMJSEQ_NUM" is undefined
  		for (JSEQ_NUMJSEQ_NUM <= 3)
..\User\n32g430_it.c(222): error:  #65: expected a ";"
  		for (JSEQ_NUMJSEQ_NUM <= 3)
..\User\n32g430_it.c(222): error:  #29: expected an expression
  		for (JSEQ_NUMJSEQ_NUM <= 3)
..\User\n32g430_it.c(222): error:  #65: expected a ";"
  		for (JSEQ_NUMJSEQ_NUM <= 3)
..\User\n32g430_it.c(218): warning:  #177-D: variable "i"  was declared but never referenced
  	uint8_t i;
..\User\n32g430_it.c: 5 warnings, 8 errors
compiling misc.c...
compiling main.c...
..\User\main.c(49): warning:  #177-D: function "led_ram_test"  was declared but never referenced
  static void led_ram_test(void)
..\User\main.c: 1 warning, 0 errors
compiling system_n32g430.c...
compiling n32g430_adc.c...
compiling n32g430_beeper.c...
compiling n32g430_comp.c...
compiling n32g430_crc.c...
compiling n32g430_dma.c...
compiling n32g430_gpio.c...
compiling n32g430_iwdg.c...
compiling n32g430_flash.c...
compiling n32g430_i2c.c...
compiling n32g430_exti.c...
compiling n32g430_dbg.c...
compiling n32g430_can.c...
compiling n32g430_lptim.c...
compiling arm_atan2_f32.c...
compiling arm_cos_f32.c...
compiling arm_common_tables.c...
compiling n32g430_pwr.c...
compiling n32g430_wwdg.c...
compiling n32g430_spi.c...
compiling n32g430_rcc.c...
compiling n32g430_usart.c...
compiling n32g430_rtc.c...
compiling arm_sin_f32.c...
compiling arm_sin_cos_f32.c...
compiling n32g430_tim.c...
compiling bsp_adc.c...
compiling bsp_config.c...
compiling bsp_led.c...
compiling bsp_tim.c...
..\BSP\bsp_tim.c(18): warning:  #177-D: variable "NVIC_InitStructure"  was declared but never referenced
    NVIC_InitType NVIC_InitStructure;
..\BSP\bsp_tim.c: 1 warning, 0 errors
compiling i2c_eeprom.c...
".\Objects\refrigerator.axf" - 118 Error(s), 34 Warning(s).

<h2>Software Packages used:</h2>

Package Vendor: Nationstech
                http://www.keil.com/pack/Nationstech.N32G430_DFP.1.1.0.pack
                Nationstech.N32G430_DFP.1.1.0
                Nationstech N32G430 Series Device Support, Drivers and Examples

<h2>Collection of Component include folders:</h2>
  .\RTE\_Foc_example
  D:\Keil_v5\ARM\PACK\Nationstech\N32G430_DFP\1.1.0\firmware\CMSIS\device

<h2>Collection of Component Files used:</h2>
Target not created.
Build Time Elapsed:  00:00:04
</pre>
</body>
</html>
